Start auto log messages stack - Iteration 6.	[MsgId: MMSG-10545]
Action.c(142): Warning -26627: HTTP Status-Code=404 (Not Found) for "https://www.advantageonlineshopping.com/app/views/"  	[MsgId: MWAR-26627]
Action.c(142): web_url("home-page.html") highest severity level was "warning", 55965 body bytes, 2201 header bytes  	[MsgId: MMSG-26388]
Action.c(155): Notify: Transaction "open_main_page" ended with a "Pass" status (Duration: 4,2312 Wasted Time: 0,0028).	[MsgId: MMSG-16871]
Action.c(157): lr_think_time: 5,00 seconds.	[MsgId: MMSG-15948]
Action.c(159): Notify: Transaction "search_request" started.	[MsgId: MMSG-16999]
Action.c(161): web_reg_find started  	[MsgId: MMSG-26355]
Action.c(161): Registering web_reg_find was successful  	[MsgId: MMSG-26390]
Action.c(163): web_url("search") started  	[MsgId: MMSG-26355]
Action.c(163): Error -26366: "Text=categoryName":""" not found for web_reg_find  	[MsgId: MERR-26366]
End auto log messages stack.	[MsgId: MMSG-10544]


Start auto log messages stack - Iteration 6.	[MsgId: MMSG-10545]
Action.c(142): Warning -26627: HTTP Status-Code=404 (Not Found) for "https://www.advantageonlineshopping.com/app/views/"  	[MsgId: MWAR-26627]
Action.c(142): web_url("home-page.html") highest severity level was "warning", 55965 body bytes, 2201 header bytes  	[MsgId: MMSG-26388]
Action.c(155): Notify: Transaction "open_main_page" ended with a "Pass" status (Duration: 4,6787 Wasted Time: 0,0039).	[MsgId: MMSG-16871]
Action.c(157): lr_think_time: 5,00 seconds.	[MsgId: MMSG-15948]
Action.c(159): Notify: Transaction "search_request" started.	[MsgId: MMSG-16999]
Action.c(161): web_reg_find started  	[MsgId: MMSG-26355]
Action.c(161): Registering web_reg_find was successful  	[MsgId: MMSG-26390]
Action.c(163): web_url("search") started  	[MsgId: MMSG-26355]
Action.c(163): Error -26366: "Text=categoryName":""" not found for web_reg_find  	[MsgId: MERR-26366]
End auto log messages stack.	[MsgId: MMSG-10544]


Start auto log messages stack - Iteration 7.	[MsgId: MMSG-10545]
Action.c(142): Warning -26627: HTTP Status-Code=404 (Not Found) for "https://www.advantageonlineshopping.com/app/views/"  	[MsgId: MWAR-26627]
Action.c(142): web_url("home-page.html") highest severity level was "warning", 55965 body bytes, 2201 header bytes  	[MsgId: MMSG-26388]
Action.c(155): Notify: Transaction "open_main_page" ended with a "Pass" status (Duration: 4,1317 Wasted Time: 0,0028).	[MsgId: MMSG-16871]
Action.c(157): lr_think_time: 5,00 seconds.	[MsgId: MMSG-15948]
Action.c(159): Notify: Transaction "search_request" started.	[MsgId: MMSG-16999]
Action.c(161): web_reg_find started  	[MsgId: MMSG-26355]
Action.c(161): Registering web_reg_find was successful  	[MsgId: MMSG-26390]
Action.c(163): web_url("search") started  	[MsgId: MMSG-26355]
Action.c(163): Error -26366: "Text=categoryName":""" not found for web_reg_find  	[MsgId: MERR-26366]
End auto log messages stack.	[MsgId: MMSG-10544]


Start auto log messages stack - Iteration 6.	[MsgId: MMSG-10545]
Action.c(142): Warning -26627: HTTP Status-Code=404 (Not Found) for "https://www.advantageonlineshopping.com/app/views/"  	[MsgId: MWAR-26627]
Action.c(142): web_url("home-page.html") highest severity level was "warning", 55965 body bytes, 2201 header bytes  	[MsgId: MMSG-26388]
Action.c(155): Notify: Transaction "open_main_page" ended with a "Pass" status (Duration: 4,8100 Wasted Time: 0,0047).	[MsgId: MMSG-16871]
Action.c(157): lr_think_time: 5,00 seconds.	[MsgId: MMSG-15948]
Action.c(159): Notify: Transaction "search_request" started.	[MsgId: MMSG-16999]
Action.c(161): web_reg_find started  	[MsgId: MMSG-26355]
Action.c(161): Registering web_reg_find was successful  	[MsgId: MMSG-26390]
Action.c(163): web_url("search") started  	[MsgId: MMSG-26355]
Action.c(163): Error -26366: "Text=categoryName":""" not found for web_reg_find  	[MsgId: MERR-26366]
End auto log messages stack.	[MsgId: MMSG-10544]


Start auto log messages stack - Iteration 7.	[MsgId: MMSG-10545]
Action.c(142): Warning -26627: HTTP Status-Code=404 (Not Found) for "https://www.advantageonlineshopping.com/app/views/"  	[MsgId: MWAR-26627]
Action.c(142): web_url("home-page.html") highest severity level was "warning", 55965 body bytes, 2201 header bytes  	[MsgId: MMSG-26388]
Action.c(155): Notify: Transaction "open_main_page" ended with a "Pass" status (Duration: 4,4694 Wasted Time: 0,0021).	[MsgId: MMSG-16871]
Action.c(157): lr_think_time: 5,00 seconds.	[MsgId: MMSG-15948]
Action.c(159): Notify: Transaction "search_request" started.	[MsgId: MMSG-16999]
Action.c(161): web_reg_find started  	[MsgId: MMSG-26355]
Action.c(161): Registering web_reg_find was successful  	[MsgId: MMSG-26390]
Action.c(163): web_url("search") started  	[MsgId: MMSG-26355]
Action.c(163): Error -26366: "Text=categoryName":""" not found for web_reg_find  	[MsgId: MERR-26366]
End auto log messages stack.	[MsgId: MMSG-10544]


Start auto log messages stack - Iteration 7.	[MsgId: MMSG-10545]
Action.c(142): Warning -26627: HTTP Status-Code=404 (Not Found) for "https://www.advantageonlineshopping.com/app/views/"  	[MsgId: MWAR-26627]
Action.c(142): web_url("home-page.html") highest severity level was "warning", 55965 body bytes, 2201 header bytes  	[MsgId: MMSG-26388]
Action.c(155): Notify: Transaction "open_main_page" ended with a "Pass" status (Duration: 4,3220 Wasted Time: 0,0032).	[MsgId: MMSG-16871]
Action.c(157): lr_think_time: 5,00 seconds.	[MsgId: MMSG-15948]
Action.c(159): Notify: Transaction "search_request" started.	[MsgId: MMSG-16999]
Action.c(161): web_reg_find started  	[MsgId: MMSG-26355]
Action.c(161): Registering web_reg_find was successful  	[MsgId: MMSG-26390]
Action.c(163): web_url("search") started  	[MsgId: MMSG-26355]
Action.c(163): Error -26366: "Text=categoryName":""" not found for web_reg_find  	[MsgId: MERR-26366]
End auto log messages stack.	[MsgId: MMSG-10544]


Start auto log messages stack - Iteration 13.	[MsgId: MMSG-10545]
Action.c(142): Warning -26627: HTTP Status-Code=404 (Not Found) for "https://www.advantageonlineshopping.com/app/views/"  	[MsgId: MWAR-26627]
Action.c(142): web_url("home-page.html") highest severity level was "warning", 55965 body bytes, 2201 header bytes  	[MsgId: MMSG-26388]
Action.c(155): Notify: Transaction "open_main_page" ended with a "Pass" status (Duration: 4,9137 Wasted Time: 0,0028).	[MsgId: MMSG-16871]
Action.c(157): lr_think_time: 5,00 seconds.	[MsgId: MMSG-15948]
Action.c(159): Notify: Transaction "search_request" started.	[MsgId: MMSG-16999]
Action.c(161): web_reg_find started  	[MsgId: MMSG-26355]
Action.c(161): Registering web_reg_find was successful  	[MsgId: MMSG-26390]
Action.c(163): web_url("search") started  	[MsgId: MMSG-26355]
Action.c(163): Error -26366: "Text=categoryName":""" not found for web_reg_find  	[MsgId: MERR-26366]
End auto log messages stack.	[MsgId: MMSG-10544]


Start auto log messages stack - Iteration 13.	[MsgId: MMSG-10545]
Action.c(142): Warning -26627: HTTP Status-Code=404 (Not Found) for "https://www.advantageonlineshopping.com/app/views/"  	[MsgId: MWAR-26627]
Action.c(142): web_url("home-page.html") highest severity level was "warning", 55965 body bytes, 2201 header bytes  	[MsgId: MMSG-26388]
Action.c(155): Notify: Transaction "open_main_page" ended with a "Pass" status (Duration: 4,8758 Wasted Time: 0,0132).	[MsgId: MMSG-16871]
Action.c(157): lr_think_time: 5,00 seconds.	[MsgId: MMSG-15948]
Action.c(159): Notify: Transaction "search_request" started.	[MsgId: MMSG-16999]
Action.c(161): web_reg_find started  	[MsgId: MMSG-26355]
Action.c(161): Registering web_reg_find was successful  	[MsgId: MMSG-26390]
Action.c(163): web_url("search") started  	[MsgId: MMSG-26355]
Action.c(163): Error -26366: "Text=categoryName":""" not found for web_reg_find  	[MsgId: MERR-26366]
End auto log messages stack.	[MsgId: MMSG-10544]


Start auto log messages stack - Iteration 14.	[MsgId: MMSG-10545]
Action.c(142): Warning -26627: HTTP Status-Code=404 (Not Found) for "https://www.advantageonlineshopping.com/app/views/"  	[MsgId: MWAR-26627]
Action.c(142): web_url("home-page.html") highest severity level was "warning", 55965 body bytes, 2201 header bytes  	[MsgId: MMSG-26388]
Action.c(155): Notify: Transaction "open_main_page" ended with a "Pass" status (Duration: 5,2138 Wasted Time: 0,0035).	[MsgId: MMSG-16871]
Action.c(157): lr_think_time: 5,00 seconds.	[MsgId: MMSG-15948]
Action.c(159): Notify: Transaction "search_request" started.	[MsgId: MMSG-16999]
Action.c(161): web_reg_find started  	[MsgId: MMSG-26355]
Action.c(161): Registering web_reg_find was successful  	[MsgId: MMSG-26390]
Action.c(163): web_url("search") started  	[MsgId: MMSG-26355]
Action.c(163): Error -26366: "Text=categoryName":""" not found for web_reg_find  	[MsgId: MERR-26366]
End auto log messages stack.	[MsgId: MMSG-10544]


Start auto log messages stack - Iteration 13.	[MsgId: MMSG-10545]
Action.c(142): Warning -26627: HTTP Status-Code=404 (Not Found) for "https://www.advantageonlineshopping.com/app/views/"  	[MsgId: MWAR-26627]
Action.c(142): web_url("home-page.html") highest severity level was "warning", 55965 body bytes, 2201 header bytes  	[MsgId: MMSG-26388]
Action.c(155): Notify: Transaction "open_main_page" ended with a "Pass" status (Duration: 4,2526 Wasted Time: 0,0028).	[MsgId: MMSG-16871]
Action.c(157): lr_think_time: 5,00 seconds.	[MsgId: MMSG-15948]
Action.c(159): Notify: Transaction "search_request" started.	[MsgId: MMSG-16999]
Action.c(161): web_reg_find started  	[MsgId: MMSG-26355]
Action.c(161): Registering web_reg_find was successful  	[MsgId: MMSG-26390]
Action.c(163): web_url("search") started  	[MsgId: MMSG-26355]
Action.c(163): Error -26366: "Text=categoryName":""" not found for web_reg_find  	[MsgId: MERR-26366]
End auto log messages stack.	[MsgId: MMSG-10544]


Start auto log messages stack - Iteration 14.	[MsgId: MMSG-10545]
Action.c(142): Warning -26627: HTTP Status-Code=404 (Not Found) for "https://www.advantageonlineshopping.com/app/views/"  	[MsgId: MWAR-26627]
Action.c(142): web_url("home-page.html") highest severity level was "warning", 55965 body bytes, 2201 header bytes  	[MsgId: MMSG-26388]
Action.c(155): Notify: Transaction "open_main_page" ended with a "Pass" status (Duration: 4,2114 Wasted Time: 0,0027).	[MsgId: MMSG-16871]
Action.c(157): lr_think_time: 5,00 seconds.	[MsgId: MMSG-15948]
Action.c(159): Notify: Transaction "search_request" started.	[MsgId: MMSG-16999]
Action.c(161): web_reg_find started  	[MsgId: MMSG-26355]
Action.c(161): Registering web_reg_find was successful  	[MsgId: MMSG-26390]
Action.c(163): web_url("search") started  	[MsgId: MMSG-26355]
Action.c(163): Error -26366: "Text=categoryName":""" not found for web_reg_find  	[MsgId: MERR-26366]
End auto log messages stack.	[MsgId: MMSG-10544]


Start auto log messages stack - Iteration 14.	[MsgId: MMSG-10545]
Action.c(142): Warning -26627: HTTP Status-Code=404 (Not Found) for "https://www.advantageonlineshopping.com/app/views/"  	[MsgId: MWAR-26627]
Action.c(142): web_url("home-page.html") highest severity level was "warning", 55965 body bytes, 2201 header bytes  	[MsgId: MMSG-26388]
Action.c(155): Notify: Transaction "open_main_page" ended with a "Pass" status (Duration: 4,3675 Wasted Time: 0,0041).	[MsgId: MMSG-16871]
Action.c(157): lr_think_time: 5,00 seconds.	[MsgId: MMSG-15948]
Action.c(159): Notify: Transaction "search_request" started.	[MsgId: MMSG-16999]
Action.c(161): web_reg_find started  	[MsgId: MMSG-26355]
Action.c(161): Registering web_reg_find was successful  	[MsgId: MMSG-26390]
Action.c(163): web_url("search") started  	[MsgId: MMSG-26355]
Action.c(163): Error -26366: "Text=categoryName":""" not found for web_reg_find  	[MsgId: MERR-26366]
End auto log messages stack.	[MsgId: MMSG-10544]


