Start auto log messages stack - Iteration 6.	[MsgId: MMSG-10545]
Action.c(196): Registered web_reg_find successful for "Text=productsInCart" (count=1)  	[MsgId: MMSG-26364]
Action.c(196): web_url("{userId}") was successful, 332 body bytes, 455 header bytes  	[MsgId: MMSG-26386]
Action.c(206): Notify: Transaction "login" ended with a "Pass" status (Duration: 13,4523 Wasted Time: 0,0005).	[MsgId: MMSG-16871]
Action.c(208): lr_think_time: 5,00 seconds.	[MsgId: MMSG-15948]
Action.c(210): Notify: Transaction "search_request" started.	[MsgId: MMSG-16999]
Action.c(212): web_reg_find started  	[MsgId: MMSG-26355]
Action.c(212): Registering web_reg_find was successful  	[MsgId: MMSG-26390]
Action.c(213): web_reg_save_param_ex started  	[MsgId: MMSG-26355]
Action.c(213): Registering web_reg_save_param_ex was successful  	[MsgId: MMSG-26390]
Action.c(215): web_url("search") started  	[MsgId: MMSG-26355]
Action.c(215): Error -26366: "Text=categoryName":""" not found for web_reg_find  	[MsgId: MERR-26366]
End auto log messages stack.	[MsgId: MMSG-10544]


Start auto log messages stack - Iteration 6.	[MsgId: MMSG-10545]
Action.c(196): Registered web_reg_find successful for "Text=productsInCart" (count=1)  	[MsgId: MMSG-26364]
Action.c(196): web_url("{userId}") was successful, 111 body bytes, 455 header bytes  	[MsgId: MMSG-26386]
Action.c(206): Notify: Transaction "login" ended with a "Pass" status (Duration: 20,7582 Wasted Time: 0,0004).	[MsgId: MMSG-16871]
Action.c(208): lr_think_time: 5,00 seconds.	[MsgId: MMSG-15948]
Action.c(210): Notify: Transaction "search_request" started.	[MsgId: MMSG-16999]
Action.c(212): web_reg_find started  	[MsgId: MMSG-26355]
Action.c(212): Registering web_reg_find was successful  	[MsgId: MMSG-26390]
Action.c(213): web_reg_save_param_ex started  	[MsgId: MMSG-26355]
Action.c(213): Registering web_reg_save_param_ex was successful  	[MsgId: MMSG-26390]
Action.c(215): web_url("search") started  	[MsgId: MMSG-26355]
Action.c(215): Error -26366: "Text=categoryName":""" not found for web_reg_find  	[MsgId: MERR-26366]
End auto log messages stack.	[MsgId: MMSG-10544]


Start auto log messages stack - Iteration 7.	[MsgId: MMSG-10545]
Action.c(196): Registered web_reg_find successful for "Text=productsInCart" (count=1)  	[MsgId: MMSG-26364]
Action.c(196): web_url("{userId}") was successful, 111 body bytes, 455 header bytes  	[MsgId: MMSG-26386]
Action.c(206): Notify: Transaction "login" ended with a "Pass" status (Duration: 3,6721 Wasted Time: 0,0012).	[MsgId: MMSG-16871]
Action.c(208): lr_think_time: 5,00 seconds.	[MsgId: MMSG-15948]
Action.c(210): Notify: Transaction "search_request" started.	[MsgId: MMSG-16999]
Action.c(212): web_reg_find started  	[MsgId: MMSG-26355]
Action.c(212): Registering web_reg_find was successful  	[MsgId: MMSG-26390]
Action.c(213): web_reg_save_param_ex started  	[MsgId: MMSG-26355]
Action.c(213): Registering web_reg_save_param_ex was successful  	[MsgId: MMSG-26390]
Action.c(215): web_url("search") started  	[MsgId: MMSG-26355]
Action.c(215): Error -26366: "Text=categoryName":""" not found for web_reg_find  	[MsgId: MERR-26366]
End auto log messages stack.	[MsgId: MMSG-10544]


Start auto log messages stack - Iteration 7.	[MsgId: MMSG-10545]
Action.c(196): Registered web_reg_find successful for "Text=productsInCart" (count=1)  	[MsgId: MMSG-26364]
Action.c(196): web_url("{userId}") was successful, 276 body bytes, 455 header bytes  	[MsgId: MMSG-26386]
Action.c(206): Notify: Transaction "login" ended with a "Pass" status (Duration: 5,9881 Wasted Time: 0,0009).	[MsgId: MMSG-16871]
Action.c(208): lr_think_time: 5,00 seconds.	[MsgId: MMSG-15948]
Action.c(210): Notify: Transaction "search_request" started.	[MsgId: MMSG-16999]
Action.c(212): web_reg_find started  	[MsgId: MMSG-26355]
Action.c(212): Registering web_reg_find was successful  	[MsgId: MMSG-26390]
Action.c(213): web_reg_save_param_ex started  	[MsgId: MMSG-26355]
Action.c(213): Registering web_reg_save_param_ex was successful  	[MsgId: MMSG-26390]
Action.c(215): web_url("search") started  	[MsgId: MMSG-26355]
Action.c(215): Error -26366: "Text=categoryName":""" not found for web_reg_find  	[MsgId: MERR-26366]
End auto log messages stack.	[MsgId: MMSG-10544]


