Start auto log messages stack - Iteration 13.	[MsgId: MMSG-10545]
Action.c(304): web_add_header("Origin") was successful  	[MsgId: MMSG-26392]
Action.c(307): web_add_header("Authorization") started  	[MsgId: MMSG-26355]
Action.c(307): Warning -26594: The header being added may cause unpredictable results if applied to ALL the URLs generated on behalf of the next script function. It will apply to the primary URL only.  	[MsgId: MWAR-26594]
Action.c(307): web_add_header("Authorization") highest severity level was "warning"  	[MsgId: MMSG-26391]
Action.c(309): web_reg_find started  	[MsgId: MMSG-26355]
Action.c(309): Registering web_reg_find was successful  	[MsgId: MMSG-26390]
Action.c(311): web_submit_data("{productId}") started  	[MsgId: MMSG-26355]
Action.c(311): Error -26612: HTTP Status-Code=500 (Internal Server Error) for "https://www.advantageonlineshopping.com/order/api/v1/carts/164359528/product/13/color/414141?quantity=1"  	[MsgId: MERR-26612]
Action.c(311): Error -26366: "Text="productId":13," not found for web_reg_find  	[MsgId: MERR-26366]
End auto log messages stack.	[MsgId: MMSG-10544]


Start auto log messages stack - Iteration 18.	[MsgId: MMSG-10545]
Action.c(304): web_add_header("Origin") was successful  	[MsgId: MMSG-26392]
Action.c(307): web_add_header("Authorization") started  	[MsgId: MMSG-26355]
Action.c(307): Warning -26594: The header being added may cause unpredictable results if applied to ALL the URLs generated on behalf of the next script function. It will apply to the primary URL only.  	[MsgId: MWAR-26594]
Action.c(307): web_add_header("Authorization") highest severity level was "warning"  	[MsgId: MMSG-26391]
Action.c(309): web_reg_find started  	[MsgId: MMSG-26355]
Action.c(309): Registering web_reg_find was successful  	[MsgId: MMSG-26390]
Action.c(311): web_submit_data("{productId}") started  	[MsgId: MMSG-26355]
Action.c(311): Error -26612: HTTP Status-Code=500 (Internal Server Error) for "https://www.advantageonlineshopping.com/order/api/v1/carts/574621368/product/13/color/55CDD5?quantity=1"  	[MsgId: MERR-26612]
Action.c(311): Error -26366: "Text="productId":13," not found for web_reg_find  	[MsgId: MERR-26366]
End auto log messages stack.	[MsgId: MMSG-10544]


