Start auto log messages stack - Iteration 3.	[MsgId: MMSG-10545]
Action.c(304): web_add_header("Origin") was successful  	[MsgId: MMSG-26392]
Action.c(307): web_add_header("Authorization") started  	[MsgId: MMSG-26355]
Action.c(307): Warning -26594: The header being added may cause unpredictable results if applied to ALL the URLs generated on behalf of the next script function. It will apply to the primary URL only.  	[MsgId: MWAR-26594]
Action.c(307): web_add_header("Authorization") highest severity level was "warning"  	[MsgId: MMSG-26391]
Action.c(309): web_reg_find started  	[MsgId: MMSG-26355]
Action.c(309): Registering web_reg_find was successful  	[MsgId: MMSG-26390]
Action.c(311): web_submit_data("{productId}") started  	[MsgId: MMSG-26355]
Action.c(311): Error -26612: HTTP Status-Code=500 (Internal Server Error) for "https://www.advantageonlineshopping.com/order/api/v1/carts/149330410/product/13/color/55CDD5?quantity=1"  	[MsgId: MERR-26612]
Action.c(311): Error -26366: "Text="productId":13," not found for web_reg_find  	[MsgId: MERR-26366]
End auto log messages stack.	[MsgId: MMSG-10544]


Start auto log messages stack - Iteration 8.	[MsgId: MMSG-10545]
Action.c(304): web_add_header("Origin") was successful  	[MsgId: MMSG-26392]
Action.c(307): web_add_header("Authorization") started  	[MsgId: MMSG-26355]
Action.c(307): Warning -26594: The header being added may cause unpredictable results if applied to ALL the URLs generated on behalf of the next script function. It will apply to the primary URL only.  	[MsgId: MWAR-26594]
Action.c(307): web_add_header("Authorization") highest severity level was "warning"  	[MsgId: MMSG-26391]
Action.c(309): web_reg_find started  	[MsgId: MMSG-26355]
Action.c(309): Registering web_reg_find was successful  	[MsgId: MMSG-26390]
Action.c(311): web_submit_data("{productId}") started  	[MsgId: MMSG-26355]
Action.c(311): Error -26612: HTTP Status-Code=500 (Internal Server Error) for "https://www.advantageonlineshopping.com/order/api/v1/carts/823638544/product/13/color/414141?quantity=1"  	[MsgId: MERR-26612]
Action.c(311): Error -26366: "Text="productId":13," not found for web_reg_find  	[MsgId: MERR-26366]
End auto log messages stack.	[MsgId: MMSG-10544]


Start auto log messages stack - Iteration 38.	[MsgId: MMSG-10545]
Action.c(304): web_add_header("Origin") was successful  	[MsgId: MMSG-26392]
Action.c(307): web_add_header("Authorization") started  	[MsgId: MMSG-26355]
Action.c(307): Warning -26594: The header being added may cause unpredictable results if applied to ALL the URLs generated on behalf of the next script function. It will apply to the primary URL only.  	[MsgId: MWAR-26594]
Action.c(307): web_add_header("Authorization") highest severity level was "warning"  	[MsgId: MMSG-26391]
Action.c(309): web_reg_find started  	[MsgId: MMSG-26355]
Action.c(309): Registering web_reg_find was successful  	[MsgId: MMSG-26390]
Action.c(311): web_submit_data("{productId}") started  	[MsgId: MMSG-26355]
Action.c(311): Error -26612: HTTP Status-Code=500 (Internal Server Error) for "https://www.advantageonlineshopping.com/order/api/v1/carts/391886592/product/13/color/414141?quantity=1"  	[MsgId: MERR-26612]
Action.c(311): Error -26366: "Text="productId":13," not found for web_reg_find  	[MsgId: MERR-26366]
End auto log messages stack.	[MsgId: MMSG-10544]


Start auto log messages stack - Iteration 13.	[MsgId: MMSG-10545]
Action.c(323): Notify: Transaction "add_to_card" ended with a "Pass" status (Duration: 2,1826 Wasted Time: 0,0003).	[MsgId: MMSG-16871]
Action.c(325): lr_think_time: 5,00 seconds.	[MsgId: MMSG-15948]
Action.c(327): Notify: Transaction "open_card" started.	[MsgId: MMSG-16999]
Action.c(329): web_add_header("Authorization") started  	[MsgId: MMSG-26355]
Action.c(329): Warning -26594: The header being added may cause unpredictable results if applied to ALL the URLs generated on behalf of the next script function. It will apply to the primary URL only.  	[MsgId: MWAR-26594]
Action.c(329): web_add_header("Authorization") highest severity level was "warning"  	[MsgId: MMSG-26391]
Action.c(331): web_reg_find started  	[MsgId: MMSG-26355]
Action.c(331): Registering web_reg_find was successful  	[MsgId: MMSG-26390]
Action.c(333): web_url("{userId}") started  	[MsgId: MMSG-26355]
Action.c(333): Error -26366: "Text="productId":36," not found for web_reg_find  	[MsgId: MERR-26366]
End auto log messages stack.	[MsgId: MMSG-10544]


Start auto log messages stack - Iteration 24.	[MsgId: MMSG-10545]
Action.c(323): Notify: Transaction "add_to_card" ended with a "Pass" status (Duration: 4,3905 Wasted Time: 0,0002).	[MsgId: MMSG-16871]
Action.c(325): lr_think_time: 5,00 seconds.	[MsgId: MMSG-15948]
Action.c(327): Notify: Transaction "open_card" started.	[MsgId: MMSG-16999]
Action.c(329): web_add_header("Authorization") started  	[MsgId: MMSG-26355]
Action.c(329): Warning -26594: The header being added may cause unpredictable results if applied to ALL the URLs generated on behalf of the next script function. It will apply to the primary URL only.  	[MsgId: MWAR-26594]
Action.c(329): web_add_header("Authorization") highest severity level was "warning"  	[MsgId: MMSG-26391]
Action.c(331): web_reg_find started  	[MsgId: MMSG-26355]
Action.c(331): Registering web_reg_find was successful  	[MsgId: MMSG-26390]
Action.c(333): web_url("{userId}") started  	[MsgId: MMSG-26355]
Action.c(333): Error -26366: "Text="productId":16," not found for web_reg_find  	[MsgId: MERR-26366]
End auto log messages stack.	[MsgId: MMSG-10544]


Start auto log messages stack - Iteration 49.	[MsgId: MMSG-10545]
Action.c(323): Notify: Transaction "add_to_card" ended with a "Pass" status (Duration: 3,4862 Wasted Time: 0,0001).	[MsgId: MMSG-16871]
Action.c(325): lr_think_time: 5,00 seconds.	[MsgId: MMSG-15948]
Action.c(327): Notify: Transaction "open_card" started.	[MsgId: MMSG-16999]
Action.c(329): web_add_header("Authorization") started  	[MsgId: MMSG-26355]
Action.c(329): Warning -26594: The header being added may cause unpredictable results if applied to ALL the URLs generated on behalf of the next script function. It will apply to the primary URL only.  	[MsgId: MWAR-26594]
Action.c(329): web_add_header("Authorization") highest severity level was "warning"  	[MsgId: MMSG-26391]
Action.c(331): web_reg_find started  	[MsgId: MMSG-26355]
Action.c(331): Registering web_reg_find was successful  	[MsgId: MMSG-26390]
Action.c(333): web_url("{userId}") started  	[MsgId: MMSG-26355]
Action.c(333): Error -26366: "Text="productId":17," not found for web_reg_find  	[MsgId: MERR-26366]
End auto log messages stack.	[MsgId: MMSG-10544]


Start auto log messages stack - Iteration 37.	[MsgId: MMSG-10545]
Action.c(323): Notify: Transaction "add_to_card" ended with a "Pass" status (Duration: 2,2175 Wasted Time: 0,0002).	[MsgId: MMSG-16871]
Action.c(325): lr_think_time: 5,00 seconds.	[MsgId: MMSG-15948]
Action.c(327): Notify: Transaction "open_card" started.	[MsgId: MMSG-16999]
Action.c(329): web_add_header("Authorization") started  	[MsgId: MMSG-26355]
Action.c(329): Warning -26594: The header being added may cause unpredictable results if applied to ALL the URLs generated on behalf of the next script function. It will apply to the primary URL only.  	[MsgId: MWAR-26594]
Action.c(329): web_add_header("Authorization") highest severity level was "warning"  	[MsgId: MMSG-26391]
Action.c(331): web_reg_find started  	[MsgId: MMSG-26355]
Action.c(331): Registering web_reg_find was successful  	[MsgId: MMSG-26390]
Action.c(333): web_url("{userId}") started  	[MsgId: MMSG-26355]
Action.c(333): Error -26366: "Text="productId":10," not found for web_reg_find  	[MsgId: MERR-26366]
End auto log messages stack.	[MsgId: MMSG-10544]


Start auto log messages stack - Iteration 12.	[MsgId: MMSG-10545]
Action.c(323): Notify: Transaction "add_to_card" ended with a "Pass" status (Duration: 2,5298 Wasted Time: 0,0001).	[MsgId: MMSG-16871]
Action.c(325): lr_think_time: 5,00 seconds.	[MsgId: MMSG-15948]
Action.c(327): Notify: Transaction "open_card" started.	[MsgId: MMSG-16999]
Action.c(329): web_add_header("Authorization") started  	[MsgId: MMSG-26355]
Action.c(329): Warning -26594: The header being added may cause unpredictable results if applied to ALL the URLs generated on behalf of the next script function. It will apply to the primary URL only.  	[MsgId: MWAR-26594]
Action.c(329): web_add_header("Authorization") highest severity level was "warning"  	[MsgId: MMSG-26391]
Action.c(331): web_reg_find started  	[MsgId: MMSG-26355]
Action.c(331): Registering web_reg_find was successful  	[MsgId: MMSG-26390]
Action.c(333): web_url("{userId}") started  	[MsgId: MMSG-26355]
Action.c(333): Error -26366: "Text="productId":2," not found for web_reg_find  	[MsgId: MERR-26366]
End auto log messages stack.	[MsgId: MMSG-10544]


Start auto log messages stack - Iteration 28.	[MsgId: MMSG-10545]
Action.c(304): web_add_header("Origin") was successful  	[MsgId: MMSG-26392]
Action.c(307): web_add_header("Authorization") started  	[MsgId: MMSG-26355]
Action.c(307): Warning -26594: The header being added may cause unpredictable results if applied to ALL the URLs generated on behalf of the next script function. It will apply to the primary URL only.  	[MsgId: MWAR-26594]
Action.c(307): web_add_header("Authorization") highest severity level was "warning"  	[MsgId: MMSG-26391]
Action.c(309): web_reg_find started  	[MsgId: MMSG-26355]
Action.c(309): Registering web_reg_find was successful  	[MsgId: MMSG-26390]
Action.c(311): web_submit_data("{productId}") started  	[MsgId: MMSG-26355]
Action.c(311): Error -26612: HTTP Status-Code=500 (Internal Server Error) for "https://www.advantageonlineshopping.com/order/api/v1/carts/167844685/product/13/color/55CDD5?quantity=1"  	[MsgId: MERR-26612]
Action.c(311): Error -26366: "Text="productId":13," not found for web_reg_find  	[MsgId: MERR-26366]
End auto log messages stack.	[MsgId: MMSG-10544]


Start auto log messages stack - Iteration 30.	[MsgId: MMSG-10545]
Action.c(540): web_add_cookie started  	[MsgId: MMSG-26355]
Action.c(540): web_add_cookie was successful  	[MsgId: MMSG-26392]
Action.c(542): web_add_header("Authorization") started  	[MsgId: MMSG-26355]
Action.c(542): Warning -26594: The header being added may cause unpredictable results if applied to ALL the URLs generated on behalf of the next script function. It will apply to the primary URL only.  	[MsgId: MWAR-26594]
Action.c(542): web_add_header("Authorization") highest severity level was "warning"  	[MsgId: MMSG-26391]
Action.c(544): web_reg_find started  	[MsgId: MMSG-26355]
Action.c(544): Registering web_reg_find was successful  	[MsgId: MMSG-26390]
Action.c(546): web_custom_request("{userId}") started  	[MsgId: MMSG-26355]
Action.c(546): Error -26612: HTTP Status-Code=500 (Internal Server Error) for "https://www.advantageonlineshopping.com/order/api/v1/carts/823638544"  	[MsgId: MERR-26612]
Action.c(546): Error -26366: "Text="productsInCart":[]" not found for web_reg_find  	[MsgId: MERR-26366]
End auto log messages stack.	[MsgId: MMSG-10544]


Start auto log messages stack - Iteration 43.	[MsgId: MMSG-10545]
Action.c(304): web_add_header("Origin") was successful  	[MsgId: MMSG-26392]
Action.c(307): web_add_header("Authorization") started  	[MsgId: MMSG-26355]
Action.c(307): Warning -26594: The header being added may cause unpredictable results if applied to ALL the URLs generated on behalf of the next script function. It will apply to the primary URL only.  	[MsgId: MWAR-26594]
Action.c(307): web_add_header("Authorization") highest severity level was "warning"  	[MsgId: MMSG-26391]
Action.c(309): web_reg_find started  	[MsgId: MMSG-26355]
Action.c(309): Registering web_reg_find was successful  	[MsgId: MMSG-26390]
Action.c(311): web_submit_data("{productId}") started  	[MsgId: MMSG-26355]
Action.c(311): Error -26612: HTTP Status-Code=500 (Internal Server Error) for "https://www.advantageonlineshopping.com/order/api/v1/carts/604252764/product/13/color/55CDD5?quantity=1"  	[MsgId: MERR-26612]
Action.c(311): Error -26366: "Text="productId":13," not found for web_reg_find  	[MsgId: MERR-26366]
End auto log messages stack.	[MsgId: MMSG-10544]


Start auto log messages stack - Iteration 20.	[MsgId: MMSG-10545]
Action.c(323): Notify: Transaction "add_to_card" ended with a "Pass" status (Duration: 3,7768 Wasted Time: 0,0002).	[MsgId: MMSG-16871]
Action.c(325): lr_think_time: 5,00 seconds.	[MsgId: MMSG-15948]
Action.c(327): Notify: Transaction "open_card" started.	[MsgId: MMSG-16999]
Action.c(329): web_add_header("Authorization") started  	[MsgId: MMSG-26355]
Action.c(329): Warning -26594: The header being added may cause unpredictable results if applied to ALL the URLs generated on behalf of the next script function. It will apply to the primary URL only.  	[MsgId: MWAR-26594]
Action.c(329): web_add_header("Authorization") highest severity level was "warning"  	[MsgId: MMSG-26391]
Action.c(331): web_reg_find started  	[MsgId: MMSG-26355]
Action.c(331): Registering web_reg_find was successful  	[MsgId: MMSG-26390]
Action.c(333): web_url("{userId}") started  	[MsgId: MMSG-26355]
Action.c(333): Error -26366: "Text="productId":19," not found for web_reg_find  	[MsgId: MERR-26366]
End auto log messages stack.	[MsgId: MMSG-10544]


Start auto log messages stack - Iteration 8.	[MsgId: MMSG-10545]
Action.c(304): web_add_header("Origin") was successful  	[MsgId: MMSG-26392]
Action.c(307): web_add_header("Authorization") started  	[MsgId: MMSG-26355]
Action.c(307): Warning -26594: The header being added may cause unpredictable results if applied to ALL the URLs generated on behalf of the next script function. It will apply to the primary URL only.  	[MsgId: MWAR-26594]
Action.c(307): web_add_header("Authorization") highest severity level was "warning"  	[MsgId: MMSG-26391]
Action.c(309): web_reg_find started  	[MsgId: MMSG-26355]
Action.c(309): Registering web_reg_find was successful  	[MsgId: MMSG-26390]
Action.c(311): web_submit_data("{productId}") started  	[MsgId: MMSG-26355]
Action.c(311): Error -26612: HTTP Status-Code=500 (Internal Server Error) for "https://www.advantageonlineshopping.com/order/api/v1/carts/823638544/product/13/color/55CDD5?quantity=1"  	[MsgId: MERR-26612]
Action.c(311): Error -26366: "Text="productId":13," not found for web_reg_find  	[MsgId: MERR-26366]
End auto log messages stack.	[MsgId: MMSG-10544]


Start auto log messages stack - Iteration 36.	[MsgId: MMSG-10545]
Action.c(323): Notify: Transaction "add_to_card" ended with a "Pass" status (Duration: 2,7633 Wasted Time: 0,0001).	[MsgId: MMSG-16871]
Action.c(325): lr_think_time: 5,00 seconds.	[MsgId: MMSG-15948]
Action.c(327): Notify: Transaction "open_card" started.	[MsgId: MMSG-16999]
Action.c(329): web_add_header("Authorization") started  	[MsgId: MMSG-26355]
Action.c(329): Warning -26594: The header being added may cause unpredictable results if applied to ALL the URLs generated on behalf of the next script function. It will apply to the primary URL only.  	[MsgId: MWAR-26594]
Action.c(329): web_add_header("Authorization") highest severity level was "warning"  	[MsgId: MMSG-26391]
Action.c(331): web_reg_find started  	[MsgId: MMSG-26355]
Action.c(331): Registering web_reg_find was successful  	[MsgId: MMSG-26390]
Action.c(333): web_url("{userId}") started  	[MsgId: MMSG-26355]
Action.c(333): Error -26366: "Text="productId":28," not found for web_reg_find  	[MsgId: MERR-26366]
End auto log messages stack.	[MsgId: MMSG-10544]


Start auto log messages stack - Iteration 61.	[MsgId: MMSG-10545]
Action.c(323): Notify: Transaction "add_to_card" ended with a "Pass" status (Duration: 2,9652 Wasted Time: 0,0002).	[MsgId: MMSG-16871]
Action.c(325): lr_think_time: 5,00 seconds.	[MsgId: MMSG-15948]
Action.c(327): Notify: Transaction "open_card" started.	[MsgId: MMSG-16999]
Action.c(329): web_add_header("Authorization") started  	[MsgId: MMSG-26355]
Action.c(329): Warning -26594: The header being added may cause unpredictable results if applied to ALL the URLs generated on behalf of the next script function. It will apply to the primary URL only.  	[MsgId: MWAR-26594]
Action.c(329): web_add_header("Authorization") highest severity level was "warning"  	[MsgId: MMSG-26391]
Action.c(331): web_reg_find started  	[MsgId: MMSG-26355]
Action.c(331): Registering web_reg_find was successful  	[MsgId: MMSG-26390]
Action.c(333): web_url("{userId}") started  	[MsgId: MMSG-26355]
Action.c(333): Error -26366: "Text="productId":30," not found for web_reg_find  	[MsgId: MERR-26366]
End auto log messages stack.	[MsgId: MMSG-10544]


Start auto log messages stack - Iteration 25.	[MsgId: MMSG-10545]
Action.c(323): Notify: Transaction "add_to_card" ended with a "Pass" status (Duration: 2,9087 Wasted Time: 0,0002).	[MsgId: MMSG-16871]
Action.c(325): lr_think_time: 5,00 seconds.	[MsgId: MMSG-15948]
Action.c(327): Notify: Transaction "open_card" started.	[MsgId: MMSG-16999]
Action.c(329): web_add_header("Authorization") started  	[MsgId: MMSG-26355]
Action.c(329): Warning -26594: The header being added may cause unpredictable results if applied to ALL the URLs generated on behalf of the next script function. It will apply to the primary URL only.  	[MsgId: MWAR-26594]
Action.c(329): web_add_header("Authorization") highest severity level was "warning"  	[MsgId: MMSG-26391]
Action.c(331): web_reg_find started  	[MsgId: MMSG-26355]
Action.c(331): Registering web_reg_find was successful  	[MsgId: MMSG-26390]
Action.c(333): web_url("{userId}") started  	[MsgId: MMSG-26355]
Action.c(333): Error -26366: "Text="productId":25," not found for web_reg_find  	[MsgId: MERR-26366]
End auto log messages stack.	[MsgId: MMSG-10544]


Start auto log messages stack - Iteration 13.	[MsgId: MMSG-10545]
Action.c(304): web_add_header("Origin") was successful  	[MsgId: MMSG-26392]
Action.c(307): web_add_header("Authorization") started  	[MsgId: MMSG-26355]
Action.c(307): Warning -26594: The header being added may cause unpredictable results if applied to ALL the URLs generated on behalf of the next script function. It will apply to the primary URL only.  	[MsgId: MWAR-26594]
Action.c(307): web_add_header("Authorization") highest severity level was "warning"  	[MsgId: MMSG-26391]
Action.c(309): web_reg_find started  	[MsgId: MMSG-26355]
Action.c(309): Registering web_reg_find was successful  	[MsgId: MMSG-26390]
Action.c(311): web_submit_data("{productId}") started  	[MsgId: MMSG-26355]
Action.c(311): Error -26612: HTTP Status-Code=500 (Internal Server Error) for "https://www.advantageonlineshopping.com/order/api/v1/carts/164359528/product/13/color/414141?quantity=1"  	[MsgId: MERR-26612]
Action.c(311): Error -26366: "Text="productId":13," not found for web_reg_find  	[MsgId: MERR-26366]
End auto log messages stack.	[MsgId: MMSG-10544]


