Start auto log messages stack - Iteration 1.	[MsgId: MMSG-10545]
Action.c(323): Notify: Transaction "add_to_card" ended with a "Pass" status (Duration: 4,1232 Wasted Time: 0,0005).	[MsgId: MMSG-16871]
Action.c(325): lr_think_time: 5,00 seconds.	[MsgId: MMSG-15948]
Action.c(327): Notify: Transaction "open_card" started.	[MsgId: MMSG-16999]
Action.c(329): web_add_header("Authorization") started  	[MsgId: MMSG-26355]
Action.c(329): Warning -26594: The header being added may cause unpredictable results if applied to ALL the URLs generated on behalf of the next script function. It will apply to the primary URL only.  	[MsgId: MWAR-26594]
Action.c(329): web_add_header("Authorization") highest severity level was "warning"  	[MsgId: MMSG-26391]
Action.c(331): web_reg_find started  	[MsgId: MMSG-26355]
Action.c(331): Registering web_reg_find was successful  	[MsgId: MMSG-26390]
Action.c(333): web_url("{userId}") started  	[MsgId: MMSG-26355]
Action.c(333): Error -26366: "Text="productId":34," not found for web_reg_find  	[MsgId: MERR-26366]
End auto log messages stack.	[MsgId: MMSG-10544]


Start auto log messages stack - Iteration 5.	[MsgId: MMSG-10545]
Action.c(329): web_add_header("Authorization") highest severity level was "warning"  	[MsgId: MMSG-26391]
Action.c(331): web_reg_find started  	[MsgId: MMSG-26355]
Action.c(331): Registering web_reg_find was successful  	[MsgId: MMSG-26390]
Action.c(333): web_url("{userId}") started  	[MsgId: MMSG-26355]
Action.c(333): Connection to www.advantageonlineshopping.com:443 closed after being inactive for 61 seconds, exceeding the "HTTP Keep-Alive timeout" Runtime Setting (60 seconds). URL="[None]"  	[MsgId: MMSG-27647]
Action.c(333): Connection to www.googletagmanager.com:443 closed after being inactive for 60 seconds, exceeding the "HTTP Keep-Alive timeout" Runtime Setting (60 seconds). URL="[None]"  	[MsgId: MMSG-27647]
Action.c(333): Error -26366: "Text="productId":19," not found for web_reg_find  	[MsgId: MERR-26366]
End auto log messages stack.	[MsgId: MMSG-10544]


Start auto log messages stack - Iteration 6.	[MsgId: MMSG-10545]
Action.c(196): Registered web_reg_find successful for "Text=productsInCart" (count=1)  	[MsgId: MMSG-26364]
Action.c(196): web_url("{userId}") was successful, 275 body bytes, 455 header bytes  	[MsgId: MMSG-26386]
Action.c(206): Notify: Transaction "login" ended with a "Pass" status (Duration: 9,4879 Wasted Time: 0,0008).	[MsgId: MMSG-16871]
Action.c(208): lr_think_time: 5,00 seconds.	[MsgId: MMSG-15948]
Action.c(210): Notify: Transaction "search_request" started.	[MsgId: MMSG-16999]
Action.c(212): web_reg_find started  	[MsgId: MMSG-26355]
Action.c(212): Registering web_reg_find was successful  	[MsgId: MMSG-26390]
Action.c(213): web_reg_save_param_ex started  	[MsgId: MMSG-26355]
Action.c(213): Registering web_reg_save_param_ex was successful  	[MsgId: MMSG-26390]
Action.c(215): web_url("search") started  	[MsgId: MMSG-26355]
Action.c(215): Error -26366: "Text=categoryName":""" not found for web_reg_find  	[MsgId: MERR-26366]
End auto log messages stack.	[MsgId: MMSG-10544]


Start auto log messages stack - Iteration 7.	[MsgId: MMSG-10545]
Action.c(196): Registered web_reg_find successful for "Text=productsInCart" (count=1)  	[MsgId: MMSG-26364]
Action.c(196): web_url("{userId}") was successful, 277 body bytes, 455 header bytes  	[MsgId: MMSG-26386]
Action.c(206): Notify: Transaction "login" ended with a "Pass" status (Duration: 2,2663 Wasted Time: 0,0007).	[MsgId: MMSG-16871]
Action.c(208): lr_think_time: 5,00 seconds.	[MsgId: MMSG-15948]
Action.c(210): Notify: Transaction "search_request" started.	[MsgId: MMSG-16999]
Action.c(212): web_reg_find started  	[MsgId: MMSG-26355]
Action.c(212): Registering web_reg_find was successful  	[MsgId: MMSG-26390]
Action.c(213): web_reg_save_param_ex started  	[MsgId: MMSG-26355]
Action.c(213): Registering web_reg_save_param_ex was successful  	[MsgId: MMSG-26390]
Action.c(215): web_url("search") started  	[MsgId: MMSG-26355]
Action.c(215): Error -26366: "Text=categoryName":""" not found for web_reg_find  	[MsgId: MERR-26366]
End auto log messages stack.	[MsgId: MMSG-10544]


