Start auto log messages stack - Iteration 1.	[MsgId: MMSG-10545]
Action.c(362): web_add_auto_header("Origin") was successful  	[MsgId: MMSG-26392]
Action.c(365): web_add_header("Authorization") started  	[MsgId: MMSG-26355]
Action.c(365): Warning -26594: The header being added may cause unpredictable results if applied to ALL the URLs generated on behalf of the next script function. It will apply to the primary URL only.  	[MsgId: MWAR-26594]
Action.c(365): web_add_header("Authorization") highest severity level was "warning"  	[MsgId: MMSG-26391]
Action.c(367): web_reg_find started  	[MsgId: MMSG-26355]
Action.c(367): Registering web_reg_find was successful  	[MsgId: MMSG-26390]
Action.c(369): web_custom_request("{product}") started  	[MsgId: MMSG-26355]
Action.c(369): Error -26368: "Text="productId":28" found for web_reg_find (count=1)  	[MsgId: MERR-26368]
End auto log messages stack.	[MsgId: MMSG-10544]


Start auto log messages stack - Iteration 4.	[MsgId: MMSG-10545]
Action.c(362): web_add_auto_header("Origin") was successful  	[MsgId: MMSG-26392]
Action.c(365): web_add_header("Authorization") started  	[MsgId: MMSG-26355]
Action.c(365): Warning -26594: The header being added may cause unpredictable results if applied to ALL the URLs generated on behalf of the next script function. It will apply to the primary URL only.  	[MsgId: MWAR-26594]
Action.c(365): web_add_header("Authorization") highest severity level was "warning"  	[MsgId: MMSG-26391]
Action.c(367): web_reg_find started  	[MsgId: MMSG-26355]
Action.c(367): Registering web_reg_find was successful  	[MsgId: MMSG-26390]
Action.c(369): web_custom_request("{product}") started  	[MsgId: MMSG-26355]
Action.c(369): Error -26368: "Text="productId":16" found for web_reg_find (count=1)  	[MsgId: MERR-26368]
End auto log messages stack.	[MsgId: MMSG-10544]


Start auto log messages stack - Iteration 11.	[MsgId: MMSG-10545]
Action.c(362): web_add_auto_header("Origin") was successful  	[MsgId: MMSG-26392]
Action.c(365): web_add_header("Authorization") started  	[MsgId: MMSG-26355]
Action.c(365): Warning -26594: The header being added may cause unpredictable results if applied to ALL the URLs generated on behalf of the next script function. It will apply to the primary URL only.  	[MsgId: MWAR-26594]
Action.c(365): web_add_header("Authorization") highest severity level was "warning"  	[MsgId: MMSG-26391]
Action.c(367): web_reg_find started  	[MsgId: MMSG-26355]
Action.c(367): Registering web_reg_find was successful  	[MsgId: MMSG-26390]
Action.c(369): web_custom_request("{product}") started  	[MsgId: MMSG-26355]
Action.c(369): Error -26368: "Text="productId":26" found for web_reg_find (count=1)  	[MsgId: MERR-26368]
End auto log messages stack.	[MsgId: MMSG-10544]


Start auto log messages stack - Iteration 12.	[MsgId: MMSG-10545]
Action.c(362): web_add_auto_header("Origin") was successful  	[MsgId: MMSG-26392]
Action.c(365): web_add_header("Authorization") started  	[MsgId: MMSG-26355]
Action.c(365): Warning -26594: The header being added may cause unpredictable results if applied to ALL the URLs generated on behalf of the next script function. It will apply to the primary URL only.  	[MsgId: MWAR-26594]
Action.c(365): web_add_header("Authorization") highest severity level was "warning"  	[MsgId: MMSG-26391]
Action.c(367): web_reg_find started  	[MsgId: MMSG-26355]
Action.c(367): Registering web_reg_find was successful  	[MsgId: MMSG-26390]
Action.c(369): web_custom_request("{product}") started  	[MsgId: MMSG-26355]
Action.c(369): Error -26368: "Text="productId":2" found for web_reg_find (count=1)  	[MsgId: MERR-26368]
End auto log messages stack.	[MsgId: MMSG-10544]


Start auto log messages stack - Iteration 3.	[MsgId: MMSG-10545]
Action.c(304): web_add_header("Origin") was successful  	[MsgId: MMSG-26392]
Action.c(307): web_add_header("Authorization") started  	[MsgId: MMSG-26355]
Action.c(307): Warning -26594: The header being added may cause unpredictable results if applied to ALL the URLs generated on behalf of the next script function. It will apply to the primary URL only.  	[MsgId: MWAR-26594]
Action.c(307): web_add_header("Authorization") highest severity level was "warning"  	[MsgId: MMSG-26391]
Action.c(309): web_reg_find started  	[MsgId: MMSG-26355]
Action.c(309): Registering web_reg_find was successful  	[MsgId: MMSG-26390]
Action.c(311): web_submit_data("{productId}") started  	[MsgId: MMSG-26355]
Action.c(311): Error -26612: HTTP Status-Code=500 (Internal Server Error) for "https://www.advantageonlineshopping.com/order/api/v1/carts/149330410/product/13/color/414141?quantity=1"  	[MsgId: MERR-26612]
Action.c(311): Error -26366: "Text="productId":13," not found for web_reg_find  	[MsgId: MERR-26366]
End auto log messages stack.	[MsgId: MMSG-10544]


Start auto log messages stack - Iteration 17.	[MsgId: MMSG-10545]
Action.c(362): web_add_auto_header("Origin") was successful  	[MsgId: MMSG-26392]
Action.c(365): web_add_header("Authorization") started  	[MsgId: MMSG-26355]
Action.c(365): Warning -26594: The header being added may cause unpredictable results if applied to ALL the URLs generated on behalf of the next script function. It will apply to the primary URL only.  	[MsgId: MWAR-26594]
Action.c(365): web_add_header("Authorization") highest severity level was "warning"  	[MsgId: MMSG-26391]
Action.c(367): web_reg_find started  	[MsgId: MMSG-26355]
Action.c(367): Registering web_reg_find was successful  	[MsgId: MMSG-26390]
Action.c(369): web_custom_request("{product}") started  	[MsgId: MMSG-26355]
Action.c(369): Error -26368: "Text="productId":1" found for web_reg_find (count=2)  	[MsgId: MERR-26368]
End auto log messages stack.	[MsgId: MMSG-10544]


Start auto log messages stack - Iteration 4.	[MsgId: MMSG-10545]
Action.c(362): web_add_auto_header("Origin") was successful  	[MsgId: MMSG-26392]
Action.c(365): web_add_header("Authorization") started  	[MsgId: MMSG-26355]
Action.c(365): Warning -26594: The header being added may cause unpredictable results if applied to ALL the URLs generated on behalf of the next script function. It will apply to the primary URL only.  	[MsgId: MWAR-26594]
Action.c(365): web_add_header("Authorization") highest severity level was "warning"  	[MsgId: MMSG-26391]
Action.c(367): web_reg_find started  	[MsgId: MMSG-26355]
Action.c(367): Registering web_reg_find was successful  	[MsgId: MMSG-26390]
Action.c(369): web_custom_request("{product}") started  	[MsgId: MMSG-26355]
Action.c(369): Error -26368: "Text="productId":16" found for web_reg_find (count=1)  	[MsgId: MERR-26368]
End auto log messages stack.	[MsgId: MMSG-10544]


Start auto log messages stack - Iteration 30.	[MsgId: MMSG-10545]
Action.c(362): web_add_auto_header("Origin") was successful  	[MsgId: MMSG-26392]
Action.c(365): web_add_header("Authorization") started  	[MsgId: MMSG-26355]
Action.c(365): Warning -26594: The header being added may cause unpredictable results if applied to ALL the URLs generated on behalf of the next script function. It will apply to the primary URL only.  	[MsgId: MWAR-26594]
Action.c(365): web_add_header("Authorization") highest severity level was "warning"  	[MsgId: MMSG-26391]
Action.c(367): web_reg_find started  	[MsgId: MMSG-26355]
Action.c(367): Registering web_reg_find was successful  	[MsgId: MMSG-26390]
Action.c(369): web_custom_request("{product}") started  	[MsgId: MMSG-26355]
Action.c(369): Error -26368: "Text="productId":22" found for web_reg_find (count=1)  	[MsgId: MERR-26368]
End auto log messages stack.	[MsgId: MMSG-10544]


Start auto log messages stack - Iteration 22.	[MsgId: MMSG-10545]
Action.c(362): web_add_auto_header("Origin") was successful  	[MsgId: MMSG-26392]
Action.c(365): web_add_header("Authorization") started  	[MsgId: MMSG-26355]
Action.c(365): Warning -26594: The header being added may cause unpredictable results if applied to ALL the URLs generated on behalf of the next script function. It will apply to the primary URL only.  	[MsgId: MWAR-26594]
Action.c(365): web_add_header("Authorization") highest severity level was "warning"  	[MsgId: MMSG-26391]
Action.c(367): web_reg_find started  	[MsgId: MMSG-26355]
Action.c(367): Registering web_reg_find was successful  	[MsgId: MMSG-26390]
Action.c(369): web_custom_request("{product}") started  	[MsgId: MMSG-26355]
Action.c(369): Error -26368: "Text="productId":2" found for web_reg_find (count=1)  	[MsgId: MERR-26368]
End auto log messages stack.	[MsgId: MMSG-10544]


Start auto log messages stack - Iteration 4.	[MsgId: MMSG-10545]
Action.c(362): web_add_auto_header("Origin") was successful  	[MsgId: MMSG-26392]
Action.c(365): web_add_header("Authorization") started  	[MsgId: MMSG-26355]
Action.c(365): Warning -26594: The header being added may cause unpredictable results if applied to ALL the URLs generated on behalf of the next script function. It will apply to the primary URL only.  	[MsgId: MWAR-26594]
Action.c(365): web_add_header("Authorization") highest severity level was "warning"  	[MsgId: MMSG-26391]
Action.c(367): web_reg_find started  	[MsgId: MMSG-26355]
Action.c(367): Registering web_reg_find was successful  	[MsgId: MMSG-26390]
Action.c(369): web_custom_request("{product}") started  	[MsgId: MMSG-26355]
Action.c(369): Error -26368: "Text="productId":18" found for web_reg_find (count=1)  	[MsgId: MERR-26368]
End auto log messages stack.	[MsgId: MMSG-10544]


Start auto log messages stack - Iteration 32.	[MsgId: MMSG-10545]
Action.c(362): web_add_auto_header("Origin") was successful  	[MsgId: MMSG-26392]
Action.c(365): web_add_header("Authorization") started  	[MsgId: MMSG-26355]
Action.c(365): Warning -26594: The header being added may cause unpredictable results if applied to ALL the URLs generated on behalf of the next script function. It will apply to the primary URL only.  	[MsgId: MWAR-26594]
Action.c(365): web_add_header("Authorization") highest severity level was "warning"  	[MsgId: MMSG-26391]
Action.c(367): web_reg_find started  	[MsgId: MMSG-26355]
Action.c(367): Registering web_reg_find was successful  	[MsgId: MMSG-26390]
Action.c(369): web_custom_request("{product}") started  	[MsgId: MMSG-26355]
Action.c(369): Error -26368: "Text="productId":3" found for web_reg_find (count=1)  	[MsgId: MERR-26368]
End auto log messages stack.	[MsgId: MMSG-10544]


Start auto log messages stack - Iteration 47.	[MsgId: MMSG-10545]
Action.c(362): web_add_auto_header("Origin") was successful  	[MsgId: MMSG-26392]
Action.c(365): web_add_header("Authorization") started  	[MsgId: MMSG-26355]
Action.c(365): Warning -26594: The header being added may cause unpredictable results if applied to ALL the URLs generated on behalf of the next script function. It will apply to the primary URL only.  	[MsgId: MWAR-26594]
Action.c(365): web_add_header("Authorization") highest severity level was "warning"  	[MsgId: MMSG-26391]
Action.c(367): web_reg_find started  	[MsgId: MMSG-26355]
Action.c(367): Registering web_reg_find was successful  	[MsgId: MMSG-26390]
Action.c(369): web_custom_request("{product}") started  	[MsgId: MMSG-26355]
Action.c(369): Error -26368: "Text="productId":1" found for web_reg_find (count=1)  	[MsgId: MERR-26368]
End auto log messages stack.	[MsgId: MMSG-10544]


Start auto log messages stack - Iteration 23.	[MsgId: MMSG-10545]
Action.c(304): web_add_header("Origin") was successful  	[MsgId: MMSG-26392]
Action.c(307): web_add_header("Authorization") started  	[MsgId: MMSG-26355]
Action.c(307): Warning -26594: The header being added may cause unpredictable results if applied to ALL the URLs generated on behalf of the next script function. It will apply to the primary URL only.  	[MsgId: MWAR-26594]
Action.c(307): web_add_header("Authorization") highest severity level was "warning"  	[MsgId: MMSG-26391]
Action.c(309): web_reg_find started  	[MsgId: MMSG-26355]
Action.c(309): Registering web_reg_find was successful  	[MsgId: MMSG-26390]
Action.c(311): web_submit_data("{productId}") started  	[MsgId: MMSG-26355]
Action.c(311): Error -26612: HTTP Status-Code=500 (Internal Server Error) for "https://www.advantageonlineshopping.com/order/api/v1/carts/137839318/product/13/color/414141?quantity=1"  	[MsgId: MERR-26612]
Action.c(311): Error -26366: "Text="productId":13," not found for web_reg_find  	[MsgId: MERR-26366]
End auto log messages stack.	[MsgId: MMSG-10544]


Start auto log messages stack - Iteration 12.	[MsgId: MMSG-10545]
Action.c(329): web_add_header("Authorization") highest severity level was "warning"  	[MsgId: MMSG-26391]
Action.c(331): web_reg_find started  	[MsgId: MMSG-26355]
Action.c(331): Registering web_reg_find was successful  	[MsgId: MMSG-26390]
Action.c(333): web_url("{userId}") started  	[MsgId: MMSG-26355]
Action.c(333): Connection to www.advantageonlineshopping.com:443 closed after being inactive for 62 seconds, exceeding the "HTTP Keep-Alive timeout" Runtime Setting (60 seconds). URL="[None]"  	[MsgId: MMSG-27647]
Action.c(333): Connection to www.googletagmanager.com:443 closed after being inactive for 62 seconds, exceeding the "HTTP Keep-Alive timeout" Runtime Setting (60 seconds). URL="[None]"  	[MsgId: MMSG-27647]
Action.c(333): Error -26366: "Text="productId":4," not found for web_reg_find  	[MsgId: MERR-26366]
End auto log messages stack.	[MsgId: MMSG-10544]


Start auto log messages stack - Iteration 26.	[MsgId: MMSG-10545]
Action.c(323): Notify: Transaction "add_to_card" ended with a "Pass" status (Duration: 8,4368 Wasted Time: 0,0002).	[MsgId: MMSG-16871]
Action.c(325): lr_think_time: 5,00 seconds.	[MsgId: MMSG-15948]
Action.c(327): Notify: Transaction "open_card" started.	[MsgId: MMSG-16999]
Action.c(329): web_add_header("Authorization") started  	[MsgId: MMSG-26355]
Action.c(329): Warning -26594: The header being added may cause unpredictable results if applied to ALL the URLs generated on behalf of the next script function. It will apply to the primary URL only.  	[MsgId: MWAR-26594]
Action.c(329): web_add_header("Authorization") highest severity level was "warning"  	[MsgId: MMSG-26391]
Action.c(331): web_reg_find started  	[MsgId: MMSG-26355]
Action.c(331): Registering web_reg_find was successful  	[MsgId: MMSG-26390]
Action.c(333): web_url("{userId}") started  	[MsgId: MMSG-26355]
Action.c(333): Error -26366: "Text="productId":34," not found for web_reg_find  	[MsgId: MERR-26366]
End auto log messages stack.	[MsgId: MMSG-10544]


Start auto log messages stack - Iteration 29.	[MsgId: MMSG-10545]
Action.c(323): Notify: Transaction "add_to_card" ended with a "Pass" status (Duration: 2,4606 Wasted Time: 0,0003).	[MsgId: MMSG-16871]
Action.c(325): lr_think_time: 5,00 seconds.	[MsgId: MMSG-15948]
Action.c(327): Notify: Transaction "open_card" started.	[MsgId: MMSG-16999]
Action.c(329): web_add_header("Authorization") started  	[MsgId: MMSG-26355]
Action.c(329): Warning -26594: The header being added may cause unpredictable results if applied to ALL the URLs generated on behalf of the next script function. It will apply to the primary URL only.  	[MsgId: MWAR-26594]
Action.c(329): web_add_header("Authorization") highest severity level was "warning"  	[MsgId: MMSG-26391]
Action.c(331): web_reg_find started  	[MsgId: MMSG-26355]
Action.c(331): Registering web_reg_find was successful  	[MsgId: MMSG-26390]
Action.c(333): web_url("{userId}") started  	[MsgId: MMSG-26355]
Action.c(333): Error -26366: "Text="productId":16," not found for web_reg_find  	[MsgId: MERR-26366]
End auto log messages stack.	[MsgId: MMSG-10544]


Start auto log messages stack - Iteration 4.	[MsgId: MMSG-10545]
Action.c(362): web_add_auto_header("Origin") was successful  	[MsgId: MMSG-26392]
Action.c(365): web_add_header("Authorization") started  	[MsgId: MMSG-26355]
Action.c(365): Warning -26594: The header being added may cause unpredictable results if applied to ALL the URLs generated on behalf of the next script function. It will apply to the primary URL only.  	[MsgId: MWAR-26594]
Action.c(365): web_add_header("Authorization") highest severity level was "warning"  	[MsgId: MMSG-26391]
Action.c(367): web_reg_find started  	[MsgId: MMSG-26355]
Action.c(367): Registering web_reg_find was successful  	[MsgId: MMSG-26390]
Action.c(369): web_custom_request("{product}") started  	[MsgId: MMSG-26355]
Action.c(369): Error -26368: "Text="productId":18" found for web_reg_find (count=1)  	[MsgId: MERR-26368]
End auto log messages stack.	[MsgId: MMSG-10544]


Start auto log messages stack - Iteration 59.	[MsgId: MMSG-10545]
Action.c(362): web_add_auto_header("Origin") was successful  	[MsgId: MMSG-26392]
Action.c(365): web_add_header("Authorization") started  	[MsgId: MMSG-26355]
Action.c(365): Warning -26594: The header being added may cause unpredictable results if applied to ALL the URLs generated on behalf of the next script function. It will apply to the primary URL only.  	[MsgId: MWAR-26594]
Action.c(365): web_add_header("Authorization") highest severity level was "warning"  	[MsgId: MMSG-26391]
Action.c(367): web_reg_find started  	[MsgId: MMSG-26355]
Action.c(367): Registering web_reg_find was successful  	[MsgId: MMSG-26390]
Action.c(369): web_custom_request("{product}") started  	[MsgId: MMSG-26355]
Action.c(369): Error -26368: "Text="productId":17" found for web_reg_find (count=1)  	[MsgId: MERR-26368]
End auto log messages stack.	[MsgId: MMSG-10544]


Start auto log messages stack - Iteration 34.	[MsgId: MMSG-10545]
Action.c(323): Notify: Transaction "add_to_card" ended with a "Pass" status (Duration: 2,6939 Wasted Time: 0,0003).	[MsgId: MMSG-16871]
Action.c(325): lr_think_time: 5,00 seconds.	[MsgId: MMSG-15948]
Action.c(327): Notify: Transaction "open_card" started.	[MsgId: MMSG-16999]
Action.c(329): web_add_header("Authorization") started  	[MsgId: MMSG-26355]
Action.c(329): Warning -26594: The header being added may cause unpredictable results if applied to ALL the URLs generated on behalf of the next script function. It will apply to the primary URL only.  	[MsgId: MWAR-26594]
Action.c(329): web_add_header("Authorization") highest severity level was "warning"  	[MsgId: MMSG-26391]
Action.c(331): web_reg_find started  	[MsgId: MMSG-26355]
Action.c(331): Registering web_reg_find was successful  	[MsgId: MMSG-26390]
Action.c(333): web_url("{userId}") started  	[MsgId: MMSG-26355]
Action.c(333): Error -26366: "Text="productId":18," not found for web_reg_find  	[MsgId: MERR-26366]
End auto log messages stack.	[MsgId: MMSG-10544]


Start auto log messages stack - Iteration 23.	[MsgId: MMSG-10545]
Action.c(304): web_add_header("Origin") was successful  	[MsgId: MMSG-26392]
Action.c(307): web_add_header("Authorization") started  	[MsgId: MMSG-26355]
Action.c(307): Warning -26594: The header being added may cause unpredictable results if applied to ALL the URLs generated on behalf of the next script function. It will apply to the primary URL only.  	[MsgId: MWAR-26594]
Action.c(307): web_add_header("Authorization") highest severity level was "warning"  	[MsgId: MMSG-26391]
Action.c(309): web_reg_find started  	[MsgId: MMSG-26355]
Action.c(309): Registering web_reg_find was successful  	[MsgId: MMSG-26390]
Action.c(311): web_submit_data("{productId}") started  	[MsgId: MMSG-26355]
Action.c(311): Error -26612: HTTP Status-Code=500 (Internal Server Error) for "https://www.advantageonlineshopping.com/order/api/v1/carts/137839318/product/13/color/55CDD5?quantity=1"  	[MsgId: MERR-26612]
Action.c(311): Error -26366: "Text="productId":13," not found for web_reg_find  	[MsgId: MERR-26366]
End auto log messages stack.	[MsgId: MMSG-10544]


Start auto log messages stack - Iteration 52.	[MsgId: MMSG-10545]
Action.c(362): web_add_auto_header("Origin") was successful  	[MsgId: MMSG-26392]
Action.c(365): web_add_header("Authorization") started  	[MsgId: MMSG-26355]
Action.c(365): Warning -26594: The header being added may cause unpredictable results if applied to ALL the URLs generated on behalf of the next script function. It will apply to the primary URL only.  	[MsgId: MWAR-26594]
Action.c(365): web_add_header("Authorization") highest severity level was "warning"  	[MsgId: MMSG-26391]
Action.c(367): web_reg_find started  	[MsgId: MMSG-26355]
Action.c(367): Registering web_reg_find was successful  	[MsgId: MMSG-26390]
Action.c(369): web_custom_request("{product}") started  	[MsgId: MMSG-26355]
Action.c(369): Error -26368: "Text="productId":2" found for web_reg_find (count=2)  	[MsgId: MERR-26368]
End auto log messages stack.	[MsgId: MMSG-10544]


Start auto log messages stack - Iteration 14.	[MsgId: MMSG-10545]
Action.c(362): web_add_auto_header("Origin") was successful  	[MsgId: MMSG-26392]
Action.c(365): web_add_header("Authorization") started  	[MsgId: MMSG-26355]
Action.c(365): Warning -26594: The header being added may cause unpredictable results if applied to ALL the URLs generated on behalf of the next script function. It will apply to the primary URL only.  	[MsgId: MWAR-26594]
Action.c(365): web_add_header("Authorization") highest severity level was "warning"  	[MsgId: MMSG-26391]
Action.c(367): web_reg_find started  	[MsgId: MMSG-26355]
Action.c(367): Registering web_reg_find was successful  	[MsgId: MMSG-26390]
Action.c(369): web_custom_request("{product}") started  	[MsgId: MMSG-26355]
Action.c(369): Error -26368: "Text="productId":17" found for web_reg_find (count=1)  	[MsgId: MERR-26368]
End auto log messages stack.	[MsgId: MMSG-10544]


