Virtual User Script started at: 21.03.2024 16:38:32
Starting action vuser_init.
Web Turbo Replay of LoadRunner 2020.0.0 for Windows 10; build 793 (ноя 27 2019 19:51:20)  	[MsgId: MMSG-26983]
Run mode: HTML  	[MsgId: MMSG-26993]
Replay user agent: Mozilla/5.0 (compatible; MSIE 10.0; Windows NT 6.1; Trident/6.0)  	[MsgId: MMSG-26988]
Runtime Settings file: "C:\Users\HUAWEI\Documents\advantage-shopping-load-testing\scripts\uc_01_send_feedback\\default.cfg"  	[MsgId: MMSG-27141]
Ending action vuser_init.
Running Vuser...
Starting iteration 1.
Maximum number of concurrent connections per server: 6  	[MsgId: MMSG-26989]
Starting action Action.
Action.c(9): Notify: Transaction "uc_01_send_feedback" started.
Action.c(11): Notify: Transaction "open_main_page" started.
Action.c(13): web_set_sockets_option started  	[MsgId: MMSG-26355]
Action.c(13): web_set_sockets_option was successful  	[MsgId: MMSG-26392]
Action.c(15): web_add_cookie started  	[MsgId: MMSG-26355]
Action.c(15): web_add_cookie was successful  	[MsgId: MMSG-26392]
Action.c(17): web_add_cookie started  	[MsgId: MMSG-26355]
Action.c(17): web_add_cookie was successful  	[MsgId: MMSG-26392]
Action.c(19): web_add_cookie started  	[MsgId: MMSG-26355]
Action.c(19): web_add_cookie was successful  	[MsgId: MMSG-26392]
Action.c(21): web_add_cookie started  	[MsgId: MMSG-26355]
Action.c(21): web_add_cookie was successful  	[MsgId: MMSG-26392]
Action.c(23): web_add_cookie started  	[MsgId: MMSG-26355]
Action.c(23): web_add_cookie was successful  	[MsgId: MMSG-26392]
Action.c(25): web_add_auto_header("Sec-Fetch-Dest") started  	[MsgId: MMSG-26355]
Action.c(25): web_add_auto_header("Sec-Fetch-Dest") was successful  	[MsgId: MMSG-26392]
Action.c(28): web_add_auto_header("Sec-Fetch-Mode") started  	[MsgId: MMSG-26355]
Action.c(28): web_add_auto_header("Sec-Fetch-Mode") was successful  	[MsgId: MMSG-26392]
Action.c(31): web_add_auto_header("Sec-Fetch-Site") started  	[MsgId: MMSG-26355]
Action.c(31): web_add_auto_header("Sec-Fetch-Site") was successful  	[MsgId: MMSG-26392]
Action.c(34): web_add_cookie started  	[MsgId: MMSG-26355]
Action.c(34): web_add_cookie was successful  	[MsgId: MMSG-26392]
Action.c(36): web_add_cookie started  	[MsgId: MMSG-26355]
Action.c(36): web_add_cookie was successful  	[MsgId: MMSG-26392]
Action.c(38): web_add_header("Sec-Fetch-User") started  	[MsgId: MMSG-26355]
Action.c(38): web_add_header("Sec-Fetch-User") was successful  	[MsgId: MMSG-26392]
Action.c(41): web_add_header("Upgrade-Insecure-Requests") started  	[MsgId: MMSG-26355]
Action.c(41): web_add_header("Upgrade-Insecure-Requests") was successful  	[MsgId: MMSG-26392]
Action.c(44): web_reg_find started  	[MsgId: MMSG-26355]
Action.c(44): Registering web_reg_find was successful  	[MsgId: MMSG-26390]
Action.c(46): web_url("www.advantageonlineshopping.com") started  	[MsgId: MMSG-26355]
Action.c(46): Found resource "https://www.advantageonlineshopping.com/css/main.min.css" in HTML "https://www.advantageonlineshopping.com/"  	[MsgId: MMSG-26659]
Action.c(46): Found resource "https://www.googletagmanager.com/gtag/js?id=G-TBPYED8WSW" in HTML "https://www.advantageonlineshopping.com/"  	[MsgId: MMSG-26659]
Action.c(46): Found resource "https://www.advantageonlineshopping.com/css/images/Down_arrow.svg" in HTML "https://www.advantageonlineshopping.com/"  	[MsgId: MMSG-26659]
Action.c(46): Found resource "https://www.advantageonlineshopping.com/vendor/requirejs/require.js" in HTML "https://www.advantageonlineshopping.com/"  	[MsgId: MMSG-26659]
Action.c(46): Downloading resource "https://www.advantageonlineshopping.com/css/fonts/roboto_regular_macroman/Roboto-Regular-webfont.woff" (specified by argument number 10)  	[MsgId: MMSG-26577]
Action.c(46): Downloading resource "https://www.advantageonlineshopping.com/main.min.js" (specified by argument number 13)  	[MsgId: MMSG-26577]
Action.c(46): Downloading resource "https://www.advantageonlineshopping.com/services.properties" (specified by argument number 15)  	[MsgId: MMSG-26577]
Action.c(46): Downloading resource "https://www.advantageonlineshopping.com/css/fonts/roboto_medium_macroman/Roboto-Medium-webfont.woff" (specified by argument number 17)  	[MsgId: MMSG-26577]
Action.c(46): Registered web_reg_find successful for "Text=Product Added Successfully" (count=1)  	[MsgId: MMSG-26364]
Action.c(46): web_url("www.advantageonlineshopping.com") was successful, 469875 body bytes, 3771 header bytes  	[MsgId: MMSG-26386]
Action.c(61): web_add_auto_header("Sec-Fetch-Dest") started  	[MsgId: MMSG-26355]
Action.c(61): web_add_auto_header("Sec-Fetch-Dest") was successful  	[MsgId: MMSG-26392]
Action.c(64): web_add_auto_header("Sec-Fetch-Mode") started  	[MsgId: MMSG-26355]
Action.c(64): web_add_auto_header("Sec-Fetch-Mode") was successful  	[MsgId: MMSG-26392]
Action.c(67): web_add_auto_header("Sec-Fetch-Site") started  	[MsgId: MMSG-26355]
Action.c(67): web_add_auto_header("Sec-Fetch-Site") was successful  	[MsgId: MMSG-26392]
Action.c(70): web_reg_find started  	[MsgId: MMSG-26355]
Action.c(70): Registering web_reg_find was successful  	[MsgId: MMSG-26390]
Action.c(72): web_url("ALL") started  	[MsgId: MMSG-26355]
Action.c(72): Downloading resource "https://www.advantageonlineshopping.com/css/fonts/roboto_light_macroman/Roboto-Light-webfont.woff" (specified by argument number 10)  	[MsgId: MMSG-26577]
Action.c(72): Registered web_reg_find successful for "Text=parameters" (count=3)  	[MsgId: MMSG-26364]
Action.c(72): web_url("ALL") was successful, 31117 body bytes, 758 header bytes  	[MsgId: MMSG-26386]
Action.c(84): web_add_cookie started  	[MsgId: MMSG-26355]
Action.c(84): web_add_cookie was successful  	[MsgId: MMSG-26392]
Action.c(86): web_url("25") started  	[MsgId: MMSG-26355]
Action.c(86): web_url("25") was successful, 601 body bytes, 375 header bytes  	[MsgId: MMSG-26386]
Action.c(96): web_add_header("Origin") started  	[MsgId: MMSG-26355]
Action.c(96): web_add_header("Origin") was successful  	[MsgId: MMSG-26392]
Action.c(99): web_add_header("SOAPAction") started  	[MsgId: MMSG-26355]
Action.c(99): web_add_header("SOAPAction") was successful  	[MsgId: MMSG-26392]
Action.c(102): web_add_header("X-Requested-With") started  	[MsgId: MMSG-26355]
Action.c(102): web_add_header("X-Requested-With") was successful  	[MsgId: MMSG-26392]
Action.c(105): web_reg_find started  	[MsgId: MMSG-26355]
Action.c(105): Registering web_reg_find was successful  	[MsgId: MMSG-26390]
Action.c(107): web_custom_request("GetAccountConfigurationRequest") started  	[MsgId: MMSG-26355]
Action.c(107): Registered web_reg_find successful for "Text=<ns2:GetAccountConfigurationResponse xmlns:ns2="com.advantage.online.store.accountservice">" (count=1)  	[MsgId: MMSG-26364]
Action.c(107): web_custom_request("GetAccountConfigurationRequest") was successful, 823 body bytes, 735 header bytes  	[MsgId: MMSG-26386]
Action.c(120): web_add_cookie started  	[MsgId: MMSG-26355]
Action.c(120): web_add_cookie was successful  	[MsgId: MMSG-26392]
Action.c(122): web_reg_find started  	[MsgId: MMSG-26355]
Action.c(122): Registering web_reg_find was successful  	[MsgId: MMSG-26390]
Action.c(124): web_url("categories") started  	[MsgId: MMSG-26355]
Action.c(124): Registered web_reg_find successful for "Text=categoryId" (count=5)  	[MsgId: MMSG-26364]
Action.c(124): web_url("categories") was successful, 4693 body bytes, 375 header bytes  	[MsgId: MMSG-26386]
Action.c(134): web_url("search") started  	[MsgId: MMSG-26355]
Action.c(134): web_url("search") was successful, 351 body bytes, 375 header bytes  	[MsgId: MMSG-26386]
Action.c(144): web_url("popularProducts.json") started  	[MsgId: MMSG-26355]
Action.c(144): web_url("popularProducts.json") was successful, 500 body bytes, 413 header bytes  	[MsgId: MMSG-26386]
Action.c(154): web_add_cookie started  	[MsgId: MMSG-26355]
Action.c(154): web_add_cookie was successful  	[MsgId: MMSG-26392]
Action.c(156): web_url("home-page.html") started  	[MsgId: MMSG-26355]
Action.c(156): Found resource "https://www.advantageonlineshopping.com/app/views/css/images/Special-offer.jpg" in HTML "https://www.advantageonlineshopping.com/app/views/home-page.html"  	[MsgId: MMSG-26659]
Action.c(156): Found resource "https://www.advantageonlineshopping.com/css/images/chat_logo.png" in HTML "https://www.advantageonlineshopping.com/app/views/home-page.html"  	[MsgId: MMSG-26659]
Action.c(156): Found resource "https://www.advantageonlineshopping.com/app/views/" in HTML "https://www.advantageonlineshopping.com/app/views/home-page.html"  	[MsgId: MMSG-26659]
Action.c(156): Downloading resource "https://www.advantageonlineshopping.com/css/fonts/roboto_bold_macroman/Roboto-Bold-webfont.woff" (specified by argument number 10)  	[MsgId: MMSG-26577]
Action.c(156): Downloading resource "https://www.advantageonlineshopping.com/css/fonts/roboto_thin_macroman/Roboto-Thin-webfont.woff" (specified by argument number 13)  	[MsgId: MMSG-26577]
Action.c(156): Warning -26627: HTTP Status-Code=404 (Not Found) for "https://www.advantageonlineshopping.com/app/views/css/images/Special-offer.jpg"  	[MsgId: MWAR-26627]
Action.c(156): Warning -26627: HTTP Status-Code=404 (Not Found) for "https://www.advantageonlineshopping.com/app/views/"  	[MsgId: MWAR-26627]
Action.c(156): web_url("home-page.html") highest severity level was "warning", 55965 body bytes, 2201 header bytes  	[MsgId: MMSG-26388]
Action.c(169): Notify: Transaction "open_main_page" ended with a "Pass" status (Duration: 8,4880 Wasted Time: 0,3742).
Action.c(172): Notify: Transaction "select_item_for_feedback" started.
Action.c(174): web_reg_find started  	[MsgId: MMSG-26355]
Action.c(174): Registering web_reg_find was successful  	[MsgId: MMSG-26390]
Action.c(176): web_reg_find started  	[MsgId: MMSG-26355]
Action.c(176): Registering web_reg_find was successful  	[MsgId: MMSG-26390]
Action.c(178): web_url("products") started  	[MsgId: MMSG-26355]
Action.c(178): Registered web_reg_find successful for "Text={"productId":" (count=3)  	[MsgId: MMSG-26364]
Action.c(178): Registered web_reg_find successful for "Text="categoryId":3" (count=4)  	[MsgId: MMSG-26364]
Action.c(178): web_url("products") was successful, 1462 body bytes, 375 header bytes  	[MsgId: MMSG-26386]
Action.c(189): Notify: Transaction "select_item_for_feedback" ended with a "Pass" status (Duration: 0,5761 Wasted Time: 0,0140).
Action.c(191): Notify: Transaction "send_feedback" started.
Action.c(212): web_add_header("Origin") started  	[MsgId: MMSG-26355]
Action.c(212): web_add_header("Origin") was successful  	[MsgId: MMSG-26392]
Action.c(215): web_reg_find started  	[MsgId: MMSG-26355]
Action.c(215): Registering web_reg_find was successful  	[MsgId: MMSG-26390]
Action.c(217): web_custom_request("email") started  	[MsgId: MMSG-26355]
Action.c(217): Registered web_reg_find successful for "Text=Thank you for contacting Advantage support" (count=1)  	[MsgId: MMSG-26364]
Action.c(217): web_custom_request("email") was successful, 106 body bytes, 492 header bytes  	[MsgId: MMSG-26386]
Action.c(230): Notify: Transaction "send_feedback" ended with a "Pass" status (Duration: 4,4437 Wasted Time: 0,0170).
Action.c(232): Notify: Transaction "uc_01_send_feedback" ended with a "Pass" status (Duration: 13,5721 Wasted Time: 0,4051).
Ending action Action.
Ending iteration 1.
Ending Vuser...
Starting action vuser_end.
Ending action vuser_end.
Vuser Terminated.
